C:\Program Files\mingw-w64\x86_64-8.1.0-posix-seh-rt_v6-rev0\mingw64\bin\mingw32-make.exe all --print-data-base --no-builtin-variables --no-builtin-rules --question
# GNU Make 4.2.1
# Built for x86_64-w64-mingw32
# Copyright (C) 1988-2016 Free Software Foundation, Inc.
# License GPLv3+: GNU GPL version 3 or later <http://gnu.org/licenses/gpl.html>
# This is free software: you are free to change and redistribute it.
# There is NO WARRANTY, to the extent permitted by law.

# Make data base, printed on Tue Jun 28 15:22:55 2022

# Variables

# 'override' directive
GNUMAKEFLAGS := 
# automatic
<D = $(patsubst %/,%,$(patsubst %\,%,$(dir $<)))
# automatic
?F = $(notdir $?)
# default
.SHELLFLAGS := -c
# makefile
MAKEFLAGS = pqrR
# environment
VSCODE_LOG_NATIVE = false
# automatic
?D = $(patsubst %/,%,$(patsubst %\,%,$(dir $?)))
# automatic
@D = $(patsubst %/,%,$(patsubst %\,%,$(dir $@)))
# environment
HOMEDRIVE = C:
# automatic
@F = $(notdir $@)
# automatic
^D = $(patsubst %/,%,$(patsubst %\,%,$(dir $^)))
# makefile
CURDIR := c:/Users/mn-fi/Projects/git/compiler340/project4redux
# default
SHELL := sh.exe
# environment
WINDIR = C:\WINDOWS
# environment
VSCODE_NLS_CONFIG = {"locale":"en-us","availableLanguages":{},"_languagePackSupport":true}
# environment
VBOX_MSI_INSTALL_PATH = C:\Program Files\Oracle\VirtualBox\
# makefile (from 'Makefile', line 2)
CFLAGS = -g -Wall -std=c++11
# environment
ONEDRIVE = C:\Users\mn-fi\OneDrive
# environment
QSYS_ROOTDIR = C:\intelFPGA_lite\18.1\quartus\sopc_builder\bin
# environment
PATHEXT = .COM;.EXE;.BAT;.CMD;.VBS;.VBE;.JS;.JSE;.WSF;.WSH;.MSC
# makefile (from 'Makefile', line 1)
MAKEFILE_LIST :=  Makefile
# environment
TMP = C:\Users\mn-fi\AppData\Local\Temp
# environment
JAVAFX_HOME = C:\PROGRA~1\JavaFX\JAVAFX~1
# environment
VSCODE_VERBOSE_LOGGING = true
# environment
PROGRAMW6432 = C:\Program Files
# environment
PROGRAMDATA = C:\ProgramData
# environment
VSCODE_IPC_HOOK_EXTHOST = \\.\pipe\vscode-ipc-410986cd-ed66-40bd-9bd8-141bbcc5d7d0-sock
# environment
VSCODE_CWD = C:\Program Files\Microsoft VS Code
# default
MAKE_HOST := x86_64-w64-mingw32
# environment
PATH = C:\Program Files\Common Files\Oracle\Java\javapath;C:\Program Files (x86)\Common Files\Oracle\Java\javapath;C:\WINDOWS\system32;C:\WINDOWS;C:\WINDOWS\System32\Wbem;C:\WINDOWS\System32\WindowsPowerShell\v1.0\;C:\WINDOWS\System32\OpenSSH\;C:\Program Files\dotnet\;C:\Program Files\Microsoft VS Code\bin;C:\Program Files\MATLAB\R2019b\bin;C:\Program Files (x86)\IVI Foundation\VISA\WinNT\Bin;C:\Program Files (x86)\gnupg\bin;C:\Program Files\CMake\bin;C:\Program Files\Git\cmd;C:\Program Files\Microsoft SQL Server\150\Tools\Binn\;C:\Program Files\Microsoft SQL Server\Client SDK\ODBC\170\Tools\Binn\;C:\Program Files (x86)\dotnet\;C:\Program Files (x86)\GNU Arm Embedded Toolchain\10 2021.07\bin;C:\Users\mn-fi\AppData\Local\Programs\Python\Python39\Scripts\;C:\Users\mn-fi\AppData\Local\Programs\Python\Python39\;C:\Users\mn-fi\AppData\Local\Programs\AdoptOpenJDK\bin;C:\intelFPGA\18.1\modelsim_ase\win32aloem;C:\Users\mn-fi\.dotnet\tools;C:\Program Files\mingw-w64\x86_64-8.1.0-posix-seh-rt_v6-rev0\mingw64\bin;C:\Users\mn-fi\AppData\Local\Microsoft\WindowsApps;
# makefile (from 'Makefile', line 5)
MYDIR = $(shell pwd)
# environment
COMMONPROGRAMW6432 = C:\Program Files\Common Files
# environment
ZES_ENABLE_SYSMAN = 1
# environment
PROCESSOR_ARCHITECTURE = AMD64
# environment
USERPROFILE = C:\Users\mn-fi
# environment
ALLUSERSPROFILE = C:\ProgramData
# environment
SOPC_KIT_NIOS2 = C:\intelFPGA_lite\18.1\nios2eds
# environment
VSCODE_LOG_STACK = false
# environment
NUMBER_OF_PROCESSORS = 8
# environment
ELECTRON_RUN_AS_NODE = 1
# environment
JAVAFX_HOME_OLD = C:\Users\mn-fi\Appdata\Local\Programs\javafx-sdk-11.0.2\
# default
.FEATURES := target-specific order-only second-expansion else-if shortest-stem undefine oneshell archives jobserver output-sync
# automatic
%F = $(notdir $%)
# environment
CHROME_CRASHPAD_PIPE_NAME = \\.\pipe\crashpad_19536_FMQHSRHDWOLGYWXY
# environment
VSCODE_PIPE_LOGGING = true
# environment
COMPUTERNAME = COBALT-PC
# environment
PROGRAMFILES = C:\Program Files
# default
.LOADED := 
# environment
DRIVERDATA = C:\Windows\System32\Drivers\DriverData
# environment
ORIGINAL_XDG_CURRENT_DESKTOP = undefined
# environment
USERNAME = mn-fi
# environment
PUBLIC = C:\Users\Public
# environment
VSCODE_AMD_ENTRYPOINT = vs/workbench/api/node/extensionHostProcess
# environment
VSCODE_CODE_CACHE_PATH = C:\Users\mn-fi\AppData\Roaming\Code\CachedData\dfd34e8260c270da74b5c2d86d61aee4b6d56977
# environment
APPLICATION_INSIGHTS_NO_DIAGNOSTIC_CHANNEL = 1
# environment
COMMONPROGRAMFILES = C:\Program Files\Common Files
# environment
LOGONSERVER = \\COBALT-PC
# environment
ONEDRIVECONSUMER = C:\Users\mn-fi\OneDrive
# environment
VSCODE_HANDLES_UNCAUGHT_ERRORS = true
# environment
USERDOMAIN = COBALT-PC
# environment
MAKELEVEL := 0
# default
MAKE = $(MAKE_COMMAND)
# default
MAKECMDGOALS := all
# makefile (from 'Makefile', line 1)
CC = g++
# environment
JAVA_HOME = C:\PROGRA~1\Java\jdk-16
# default
MAKE_VERSION := 4.2.1
# makefile
.DEFAULT_GOAL := all
# environment
PROGRAMFILES(X86) = C:\Program Files (x86)
# automatic
%D = $(patsubst %/,%,$(patsubst %\,%,$(dir $%)))
# environment
LOCALAPPDATA = C:\Users\mn-fi\AppData\Local
# environment
PSMODULEPATH = C:\Program Files\WindowsPowerShell\Modules;C:\WINDOWS\system32\WindowsPowerShell\v1.0\Modules
# default
MAKE_COMMAND := C:/Program Files/mingw-w64/x86_64-8.1.0-posix-seh-rt_v6-rev0/mingw64/bin/mingw32-make
# default
.VARIABLES := 
# automatic
*F = $(notdir $*)
# environment
PROCESSOR_IDENTIFIER = Intel64 Family 6 Model 142 Stepping 10, GenuineIntel
# environment
OS = Windows_NT
# environment
VSCODE_IPC_HOOK = \\.\pipe\fc3299fbf0e46cde1bcf50e6a9319151-1.66.2-main-sock
# environment
HOMEPATH = \Users\mn-fi
# environment
COMMONPROGRAMFILES(X86) = C:\Program Files (x86)\Common Files
# environment
PROMPT = $P$G
# environment
MFLAGS = -pqrR
# automatic
*D = $(patsubst %/,%,$(patsubst %\,%,$(dir $*)))
# environment
SYSTEMROOT = C:\WINDOWS
# automatic
+D = $(patsubst %/,%,$(patsubst %\,%,$(dir $+)))
# automatic
+F = $(notdir $+)
# environment
APPDATA = C:\Users\mn-fi\AppData\Roaming
# environment
VXIPNPPATH = C:\Program Files (x86)\IVI Foundation\VISA\
# environment
TEMP = C:\Users\mn-fi\AppData\Local\Temp
# environment
JAVA_HOME_OLD = C:\Users\mn-fi\AppData\Local\Programs\AdoptOpenJDK\
# environment
COMSPEC = C:\WINDOWS\system32\cmd.exe
# default
MAKEFILES := 
# environment
QUARTUS_ROOTDIR = C:\intelFPGA_lite\18.1\quartus
# automatic
<F = $(notdir $<)
# environment
LC_ALL = C
# automatic
^F = $(notdir $^)
# default
SUFFIXES := 
# environment
SYSTEMDRIVE = C:
# environment
SESSIONNAME = Console
# environment
PROCESSOR_REVISION = 8e0a
# default
.RECIPEPREFIX := 
# environment
LANG = C
# environment
PROCESSOR_LEVEL = 6
# environment
VSCODE_PID = 19536
# environment
USERDOMAIN_ROAMINGPROFILE = COBALT-PC
# variable set hash-table stats:
# Load=104/1024=10%, Rehash=0, Collisions=16/130=12%

# Pattern-specific Variable Values

# No pattern-specific variable values.

# Directories

# . (key c:/Users/mn-fi/Projects/git/compiler340/project4redux, mtime 1652653494): 24 files, no impossibilities.

# 24 files, no impossibilities in 1 directories.

# Implicit Rules

# No implicit rules.

# Files

project4.o: project4.cc parser.h lexer.h inputbuf.h memorytable.h symboltable.h execute.h
#  Implicit rule search has not been done.
#  Modification time never checked.
#  File has not been updated.
#  recipe to execute (from 'Makefile', line 34):
	$(CC) $(CFLAGS) -c project4.cc

# Not a target:
expr.cc:
#  Implicit rule search has not been done.
#  Modification time never checked.
#  File has not been updated.

# Not a target:
parser.h:
#  Implicit rule search has not been done.
#  Modification time never checked.
#  File has not been updated.

all: a.out
#  Command line target.
#  Implicit rule search has been done.
#  File does not exist.
#  File has been updated.
#  Needs to be updated (-q is set).
# variable set hash-table stats:
# Load=0/32=0%, Rehash=0, Collisions=0/5=0%

# Not a target:
project4.cc:
#  Implicit rule search has not been done.
#  Modification time never checked.
#  File has not been updated.

# Not a target:
symboltable.h:
#  Implicit rule search has not been done.
#  Modification time never checked.
#  File has not been updated.

# Not a target:
.SUFFIXES:
#  Implicit rule search has not been done.
#  Modification time never checked.
#  File has not been updated.

# Not a target:
Makefile:
#  Implicit rule search has been done.
#  Last modified 2022-04-20 19:46:19
#  File has been updated.
#  Successfully updated.

# Not a target:
memorytable.h:
#  Implicit rule search has not been done.
#  Modification time never checked.
#  File has not been updated.

# Not a target:
lexer.h:
#  Implicit rule search has not been done.
#  Modification time never checked.
#  File has not been updated.

inputbuf.o: inputbuf.cc inputbuf.h
#  Implicit rule search has not been done.
#  Implicit/static pattern stem: ''
#  File does not exist.
#  File has been updated.
#  Needs to be updated (-q is set).
# automatic
# @ := inputbuf.o
# automatic
# % := 
# automatic
# * := 
# automatic
# + := inputbuf.cc inputbuf.h
# automatic
# | := 
# automatic
# < := inputbuf.cc
# automatic
# ^ := inputbuf.cc inputbuf.h
# automatic
# ? := inputbuf.cc inputbuf.h
# variable set hash-table stats:
# Load=8/32=25%, Rehash=0, Collisions=1/13=8%
#  recipe to execute (from 'Makefile', line 16):
	$(CC) $(CFLAGS) -c inputbuf.cc

# Not a target:
expr.h:
#  Implicit rule search has not been done.
#  Modification time never checked.
#  File has not been updated.

a.out: inputbuf.o lexer.o project4.o parser.o symboltable.o memorytable.o expr.o execute.o
#  Implicit rule search has not been done.
#  File does not exist.
#  File has been updated.
#  Needs to be updated (-q is set).
# variable set hash-table stats:
# Load=0/32=0%, Rehash=0, Collisions=0/5=0%
#  recipe to execute (from 'Makefile', line 10):
	$(CC) $(CFLAGS) -o a.out inputbuf.o lexer.o project4.o parser.o symboltable.o memorytable.o expr.o execute.o 

execute.o: execute.cc execute.h
#  Implicit rule search has not been done.
#  Modification time never checked.
#  File has not been updated.
#  recipe to execute (from 'Makefile', line 31):
	$(CC) $(CFLAGS) -c execute.cc

# Not a target:
inputbuf.cc:
#  Implicit rule search has been done.
#  Last modified 2022-04-20 19:46:19
#  File has been updated.
#  Successfully updated.

# Not a target:
execute.cc:
#  Implicit rule search has not been done.
#  Modification time never checked.
#  File has not been updated.

parser.o: parser.cc parser.h lexer.h inputbuf.h symboltable.h memorytable.h expr.h
#  Implicit rule search has not been done.
#  Modification time never checked.
#  File has not been updated.
#  recipe to execute (from 'Makefile', line 13):
	$(CC) $(CFLAGS) -c parser.cc

# Not a target:
.DEFAULT:
#  Implicit rule search has not been done.
#  Modification time never checked.
#  File has not been updated.

clean:
#  Implicit rule search has not been done.
#  Modification time never checked.
#  File has not been updated.
#  recipe to execute (from 'Makefile', line 37):
	rm parser.o inputbuf.o lexer.o symboltable.o memorytable.o expr.o execute.o project4.o a.out 

symboltable.o: symboltable.cc symboltable.h memorytable.h
#  Implicit rule search has not been done.
#  Modification time never checked.
#  File has not been updated.
#  recipe to execute (from 'Makefile', line 22):
	$(CC) $(CFLAGS) -c symboltable.cc

# Not a target:
parser.cc:
#  Implicit rule search has not been done.
#  Modification time never checked.
#  File has not been updated.

memorytable.o: memorytable.cc memorytable.h
#  Implicit rule search has not been done.
#  Modification time never checked.
#  File has not been updated.
#  recipe to execute (from 'Makefile', line 25):
	$(CC) $(CFLAGS) -c memorytable.cc

# Not a target:
symboltable.cc:
#  Implicit rule search has not been done.
#  Modification time never checked.
#  File has not been updated.

# Not a target:
inputbuf.h:
#  Implicit rule search has been done.
#  Last modified 2022-04-20 19:46:19
#  File has been updated.
#  Successfully updated.

lexer.o: lexer.cc lexer.h inputbuf.h
#  Implicit rule search has not been done.
#  Modification time never checked.
#  File has not been updated.
#  recipe to execute (from 'Makefile', line 19):
	$(CC) $(CFLAGS) -c lexer.cc

expr.o: expr.cc expr.h
#  Implicit rule search has not been done.
#  Modification time never checked.
#  File has not been updated.
#  recipe to execute (from 'Makefile', line 28):
	$(CC) $(CFLAGS) -c expr.cc

# Not a target:
execute.h:
#  Implicit rule search has not been done.
#  Modification time never checked.
#  File has not been updated.

# Not a target:
memorytable.cc:
#  Implicit rule search has not been done.
#  Modification time never checked.
#  File has not been updated.

# Not a target:
lexer.cc:
#  Implicit rule search has not been done.
#  Modification time never checked.
#  File has not been updated.

# files hash-table stats:
# Load=29/1024=3%, Rehash=0, Collisions=0/87=0%
# VPATH Search Paths

# No 'vpath' search paths.

# No general ('VPATH' variable) search path.

# strcache buffers: 1 (0) / strings = 37 / storage = 384 B / avg = 10 B
# current buf: size = 8162 B / used = 384 B / count = 37 / avg = 10 B

# strcache performance: lookups = 90 / hit rate = 58%
# hash-table stats:
# Load=37/8192=0%, Rehash=0, Collisions=1/90=1%
# Finished Make data base on Tue Jun 28 15:22:55 2022

 
